{
  "0 debug pnpm:scope": {
    "selected": 1,
    "workspacePrefix": "C:\\Projects\\fboard"
  },
  "1 error pnpm": {
    "errno": 1,
    "code": "ELIFECYCLE",
    "pkgid": "fboard-explorer@0.0.1",
    "stage": "dev",
    "script": "svelte-kit dev",
    "pkgname": "fboard-explorer",
    "err": {
      "name": "pnpm",
      "message": "fboard-explorer@0.0.1 dev: `svelte-kit dev`\nExit status 1",
      "code": "ELIFECYCLE",
      "stack": "pnpm: fboard-explorer@0.0.1 dev: `svelte-kit dev`\nExit status 1\n    at EventEmitter.<anonymous> (C:\\Users\\serge\\.node\\corepack\\pnpm\\6.30.1\\dist\\pnpm.cjs:105664:20)\n    at EventEmitter.emit (node:events:390:28)\n    at ChildProcess.<anonymous> (C:\\Users\\serge\\.node\\corepack\\pnpm\\6.30.1\\dist\\pnpm.cjs:92211:18)\n    at ChildProcess.emit (node:events:390:28)\n    at maybeClose (node:internal/child_process:1064:16)\n    at Process.ChildProcess._handle.onexit (node:internal/child_process:301:5)"
    }
  },
  "2 warn pnpm:global": " Local package.json exists, but node_modules missing, did you mean to install?"
}